= Host-specific information ====================================================
$> hostname; uname -msr
e1z3r7p17.42.us.org
Darwin 17.4.0 x86_64
$> date
Mon May 20 19:15:49 PDT 2019
$> gcc --version
Configured with: --prefix=/Library/Developer/CommandLineTools/usr --with-gxx-include-dir=/usr/include/c++/4.2.1
Apple LLVM version 10.0.0 (clang-1000.10.44.4)
Target: x86_64-apple-darwin17.4.0
Thread model: posix
InstalledDir: /Library/Developer/CommandLineTools/usr/bin
$> clang --version
Apple LLVM version 10.0.0 (clang-1000.10.44.4)
Target: x86_64-apple-darwin17.4.0
Thread model: posix
InstalledDir: /Library/Developer/CommandLineTools/usr/bin

= User files collection ========================================================
Collecting user files from Vogsphere
Repository URL: auto-exam/2019/c-exam-alone-in-the-dark-beginner/practice-exam_20190521/chyuen

= Git history ==================================================================
$> git -C /var/folders/sz/lslc450d7fz3cm9ft83k0v500000gp/T/tmp7CQ0j1/user log --pretty='%H - %an, %ad : %s'
7f1d19a44cf85ee90c1599715f523f3a9756de15 - Chun chung michael Yuen, Mon May 20 19:15:39 2019 -0700 : mate
946741f04197b4fefd40226ab3f1af199c351c9e - Chun chung michael Yuen, Mon May 20 18:02:36 2019 -0700 : range
541149c992c2804809146775a1cbdae8366a4344 - Chun chung michael Yuen, Mon May 20 17:53:57 2019 -0700 : swbits
a669823dcd8f15c37c1f95117a7f38fbee55cc6e - Chun chung michael Yuen, Mon May 20 17:50:13 2019 -0700 : swap
b871b9b0afb0395c88deec812926303a8597ccb6 - Chun chung michael Yuen, Mon May 20 17:50:01 2019 -0700 : swap
5b497b2b994358943b9b57ecae370b31bc81023e - Chun chung michael Yuen, Mon May 20 17:45:55 2019 -0700 : count
 
= Collected files ==========================================
$> ls -lAR /var/folders/sz/lslc450d7fz3cm9ft83k0v500000gp/T/tmp7CQ0j1/user
total 8
-rw-r--r--  1 deepthought  deepthought  1658 May 20 19:15 __GIT_HISTORY
drwxr-xr-x  4 deepthought  deepthought   136 May 20 19:15 check_mate
drwxr-xr-x  3 deepthought  deepthought   102 May 20 19:15 ft_countdown
drwxr-xr-x  3 deepthought  deepthought   102 May 20 19:15 ft_range
drwxr-xr-x  3 deepthought  deepthought   102 May 20 19:15 ft_swap
drwxr-xr-x  3 deepthought  deepthought   102 May 20 19:15 swap_bits

/var/folders/sz/lslc450d7fz3cm9ft83k0v500000gp/T/tmp7CQ0j1/user/check_mate:
total 16
-rw-r--r--  1 deepthought  deepthought  2881 May 20 19:15 check_mate.c
-rw-r--r--  1 deepthought  deepthought  1633 May 20 19:15 main.c

/var/folders/sz/lslc450d7fz3cm9ft83k0v500000gp/T/tmp7CQ0j1/user/ft_countdown:
total 8
-rw-r--r--  1 deepthought  deepthought  1027 May 20 19:15 ft_countdown.c

/var/folders/sz/lslc450d7fz3cm9ft83k0v500000gp/T/tmp7CQ0j1/user/ft_range:
total 8
-rw-r--r--  1 deepthought  deepthought  1195 May 20 19:15 ft_range.c

/var/folders/sz/lslc450d7fz3cm9ft83k0v500000gp/T/tmp7CQ0j1/user/ft_swap:
total 8
-rw-r--r--  1 deepthought  deepthought  968 May 20 19:15 ft_swap.c

/var/folders/sz/lslc450d7fz3cm9ft83k0v500000gp/T/tmp7CQ0j1/user/swap_bits:
total 8
-rw-r--r--  1 deepthought  deepthought  978 May 20 19:15 swap_bits.c
 
= check_mate ===================================================================
$> gcc -Wextra -Wall -Werror main.c check_mate.c -o user_exe 

= Test 1 ===================================================
$> ./yk0ugp0gaabxo20ssigu1x5s 
$> diff -U 3 user_output_test1 test1.output | cat -e

Diff OK :D
= Test 2 ===================================================
$> ./x61m2gx6t6apwy6v1qufahdy '...B.' '.B...' '$%^&*' '...K.' '.....'
$> diff -U 3 user_output_test2 test2.output | cat -e

Diff OK :D
= Test 3 ===================================================
$> ./t57wnh5ah8asysk24qieb1qy  "...B." ".T..." "....." "...K." "....."
$> diff -U 3 user_output_test3 test3.output | cat -e

Diff OK :D
= Test 4 ===================================================
$> ./0ggg5vl4tsqbtxj6ulaohidi "K"
$> diff -U 3 user_output_test4 test4.output | cat -e

Diff OK :D
= Test 5 ===================================================
$> ./7c8c5f3gf9yq06vjs4go9ta2 "BPKP" "PRP." ".Q.." "..P."
$> diff -U 3 user_output_test5 test5.output | cat -e

Diff OK :D
= Test 6 ===================================================
$> ./8p8g54d0btpjqq26hu4cetah "B....." "......" "......" "......" "......" ".....K"
$> diff -U 3 user_output_test6 test6.output | cat -e

Diff OK :D
= Test 7 ===================================================
$> ./pmttwkju78rqeajp7nt6tkn6 "K....." "......" "......" "......" "......" ".....B"
$> diff -U 3 user_output_test7 test7.output | cat -e

Diff OK :D
= Test 8 ===================================================
$> ./98jli2pewfawpd8mn61ezfmo '........' '........' '.P....P.' '...B.B..' '....Q...' '..R..R..' '......K.' '...R....'
$> diff -U 3 user_output_test8 test8.output | cat -e

Diff OK :D
Grade: 1

= Final grade: 1 ===============================================================
